2024-02-08 14:54:14,986 [T1] INFO  EngineStarter
BOT Engine Start - v3.1.100.11228 at 2024-02-08 오후 2:54:14
EngineID: D_20240208_145414_257
PID : 11436
PPID: 2684
Working Directory: C:\RPA\Brity RPA Designer

2024-02-08 14:54:15,003 [T1] INFO  EngineStarter
System Language: ko-KR
Resolution: 1920 x 1200

2024-02-08 14:54:15,243 [T1] INFO  Config
Initialize Config

2024-02-08 14:54:15,287 [T1] DEBUG Config
Config Loaded

2024-02-08 14:54:15,287 [T1] DEBUG Config
Backup config file.

2024-02-08 14:54:15,297 [T1] INFO  Config
Orchestrator Service => https://bwrpa.samsungsds.com:8777

2024-02-08 14:54:15,302 [T1] INFO  Config
Initialize Resource Config

2024-02-08 14:54:15,329 [T1] DEBUG Config
Refresh Language Information

2024-02-08 14:54:15,411 [T1] INFO  Config
All Config Initialized.

2024-02-08 14:54:15,419 [T1] DEBUG KeyManager
Initialize KeyManager

2024-02-08 14:54:15,422 [T1] DEBUG KeyManager
Load device unique id.

2024-02-08 14:54:15,428 [T1] DEBUG KeyManager
Device ID is initialized.

2024-02-08 14:54:15,505 [T4] DEBUG JobService
Connect to agent service

2024-02-08 14:54:15,534 [T4] DEBUG JobService
JobService URL : net.tcp://127.0.0.1:59001/rpa/agent

2024-02-08 14:54:15,534 [T4] DEBUG JobService
Open connection

2024-02-08 14:54:15,542 [T1] DEBUG ApplicationInitializer
InitMode: Thread

2024-02-08 14:54:15,549 [T4] DEBUG JobService
Register engine to agent

2024-02-08 14:54:15,552 [T1] INFO  LibraryManager
Load Libraries - Started

2024-02-08 14:54:15,561 [T4] DEBUG JobService
Engine is connected to agent service.

2024-02-08 14:54:15,561 [T4] DEBUG JobService
Owner Process PID: 2684

2024-02-08 14:54:15,564 [T4] INFO  JobService
Start monitoring owner process is terminated.

2024-02-08 14:54:15,566 [T1] DEBUG AddInLoader
Load Assembly : IPA.Lib.Chrome

2024-02-08 14:54:15,846 [T1] DEBUG AddInLoader
Load Assembly : IPA.Lib.Desktop

2024-02-08 14:54:16,035 [T1] DEBUG AddInLoader
Load Assembly : IPA.Lib.Excel

2024-02-08 14:54:16,193 [T1] DEBUG AddInLoader
Load Assembly : IPA.Lib.Flow

2024-02-08 14:54:16,312 [T1] DEBUG AddInLoader
Load Assembly : IPA.Lib.IE

2024-02-08 14:54:16,405 [T1] DEBUG AddInLoader
Load Assembly : IPA.Lib.ImageConverter

2024-02-08 14:54:16,459 [T1] DEBUG AddInLoader
Load Assembly : IPA.Lib.ImageRecognition

2024-02-08 14:54:16,649 [T1] DEBUG AddInLoader
Load Assembly : IPA.Lib.MicrosoftOCR

2024-02-08 14:54:16,709 [T1] DEBUG AddInLoader
Load Assembly : IPA.Lib.Net

2024-02-08 14:54:16,795 [T1] DEBUG AddInLoader
Load Assembly : IPA.Lib.Orchestra

2024-02-08 14:54:16,879 [T1] DEBUG AddInLoader
Load Assembly : IPA.Lib.ProcessFlow

2024-02-08 14:54:16,981 [T1] DEBUG AddInLoader
Load Assembly : IPA.Lib.SAP

2024-02-08 14:54:17,065 [T1] DEBUG AddInLoader
Load Assembly : IPA.Lib.Web

2024-02-08 14:54:17,179 [T1] DEBUG AddInLoader
Load Assembly : IPA.Lib.Win

2024-02-08 14:54:17,309 [T1] INFO  ScreenCapture
Default Screen Capture Bounds: 0,0,1920,1200

2024-02-08 14:54:17,342 [T1] DEBUG AddInLoader
Load Assembly : BrityRPA.AddIn.NativeApp

2024-02-08 14:54:17,461 [T1] DEBUG AddInLoader
Load Assembly : BrityWorks.AddIn.Outlook

2024-02-08 14:54:17,536 [T1] DEBUG AddInLoader
Load Assembly : BrityWorks.AddIn.Pdf

2024-02-08 14:54:17,630 [T1] DEBUG LibraryManager
Load Library - Chrome

2024-02-08 14:54:17,645 [T1] DEBUG LibraryManager
Load Library - Desktop

2024-02-08 14:54:17,661 [T1] DEBUG LibraryManager
Load Library - Excel

2024-02-08 14:54:17,676 [T1] DEBUG LibraryManager
Load Library - Flow

2024-02-08 14:54:17,692 [T1] DEBUG LibraryManager
Load Library - IE

2024-02-08 14:54:17,707 [T1] DEBUG LibraryManager
Load Library - ImageConverter

2024-02-08 14:54:17,723 [T1] DEBUG LibraryManager
Load Library - ImageRecognition

2024-02-08 14:54:17,738 [T1] DEBUG LibraryManager
Load Library - MicrosoftOCR

2024-02-08 14:54:17,754 [T1] DEBUG LibraryManager
Load Library - NativeApp

2024-02-08 14:54:17,769 [T1] DEBUG LibraryManager
Load Library - Net

2024-02-08 14:54:17,785 [T1] DEBUG LibraryManager
Load Library - Orchestra

2024-02-08 14:54:17,800 [T1] DEBUG LibraryManager
Load Library - Outlook

2024-02-08 14:54:17,815 [T1] DEBUG LibraryManager
Load Library - Pdf

2024-02-08 14:54:17,831 [T1] DEBUG LibraryManager
Load Library - SAP

2024-02-08 14:54:17,847 [T1] DEBUG LibraryManager
Load Library - Web

2024-02-08 14:54:17,863 [T1] DEBUG LibraryManager
Load Library - Win

2024-02-08 14:54:17,879 [T1] DEBUG LibraryManager
Load Library - WorkFlow

2024-02-08 14:54:17,884 [T1] DEBUG LibraryManager
Load built-in script libraries

2024-02-08 14:54:18,157 [T1] INFO  LibraryManager
Load Libraries - Completed.

2024-02-08 14:54:18,173 [T1] INFO  App
Launch Arguments: Total: 6 |  -eid D_20240208_145414_257 -runtype ProcRunner -ppid 2684

2024-02-08 14:54:18,173 [T1] DEBUG Config
Refresh Language Information

2024-02-08 14:54:18,174 [T1] DEBUG LibraryManager
LibraryManager Initialized.

2024-02-08 14:56:47,027 [T7] INFO  JobService
Start Job: P_P_SHS_계산 (Foreground)
{
  "JobType": 1,
  "State": 0,
  "IsRunning": false,
  "ResultMessage": null,
  "StartTime": "2024-02-08 14:56:46",
  "EndTime": null,
  "JobId": "Designer_20240208_145646_182",
  "UserAuthentication": null,
  "ProcessPath": "C:\\Users\\2class_17\\Documents\\Brity RPA Projects\\P_SHS_계산\\P_P_SHS_계산.proc",
  "ProcessId": "4f70287f-0754-4d69-9c85-264207feafbf",
  "ProcessVer": "",
  "ProcessArgs": null,
  "RequesterType": 3,
  "RequesterId": "designer",
  "RequesterPID": 2684,
  "OptionsJsonString": null,
  "TimeoutSec": 0,
  "EngineID": "D_20240208_145414_257",
  "EnginePID": 0,
  "EngineRecommededVersion": "",
  "JobWorkDir": "C:\\Users\\2class_17\\Documents\\Brity RPA Projects\\P_SHS_계산\\Histories\\20240208_145646_P_P_SHS_계산_Designer_20240208_145646_182",
  "JobLogDir": "C:\\Users\\2class_17\\Documents\\Brity RPA Projects\\P_SHS_계산\\Histories\\20240208_145646_P_P_SHS_계산_Designer_20240208_145646_182\\Log",
  "JobScreenshotDir": "C:\\Users\\2class_17\\Documents\\Brity RPA Projects\\P_SHS_계산\\Histories\\20240208_145646_P_P_SHS_계산_Designer_20240208_145646_182\\Log\\Screenshot"
}

2024-02-08 14:56:47,174 [T10] DEBUG JobService
Waiting library loading...

2024-02-08 14:56:47,177 [T10] DEBUG Config
Reload User Settings

2024-02-08 14:56:47,179 [T10] INFO  Config
UserSettings Reloaded =>
 - LastExecution : 3h5Z4h5SrCPBdLN3S6DtaXf6lFL0SDIFbXK9s/D1p7I= -> GLePaD9gWgeXE6EeTVZMZqCUZUdibobltE5TmLF+WSA=

2024-02-08 14:56:47,179 [T10] INFO  JobService
Config Loading Completed.

2024-02-08 14:56:47,179 [T10] DEBUG JobService
Config Loading Time: 4 ms.

2024-02-08 14:56:47,190 [T10] DEBUG JobService
Check Shared Token

2024-02-08 14:56:47,191 [T10] DEBUG TokenManager
Load connection token

2024-02-08 14:56:47,196 [T10] DEBUG TokenManager
Clear Connection Token - No Shared Token

2024-02-08 14:56:47,222 [T1] DEBUG ServerInformationClient
Request server feature list

2024-02-08 14:56:47,280 [T1] INFO  ServerInformationClient
Server feature update successful

2024-02-08 14:56:47,284 [T1] INFO  ServerInformationClient
It takes 71 milliseconds to try to update the server feature list.

2024-02-08 14:56:47,285 [T1] INFO  Config
Update server features to config.

2024-02-08 14:56:47,315 [T10] INFO  JobService
Shared Token - No Token

2024-02-08 14:56:47,320 [T10] INFO  JobManager
Create JobManager instance for job P_P_SHS_계산(Designer_20240208_145646_182)

2024-02-08 14:56:47,326 [T10] INFO  JobRequest
Job ID : Designer_20240208_145646_182
Project Path  : C:\Users\2class_17\Documents\Brity RPA Projects\P_SHS_계산\P_SHS_계산.proj
Process Name  : P_P_SHS_계산
Engine Mode   : Designer
Requester Type: Designer
Requester PID : 2684

2024-02-08 14:56:47,329 [T11] INFO  JobRequest
Start Callback Sender

2024-02-08 14:56:47,329 [T11] DEBUG JobRequest
Step Callback Interval: 500

2024-02-08 14:56:47,368 [T10] DEBUG ProjectManager
Set Project Information

2024-02-08 14:56:47,393 [T10] INFO  PlayOptionManager
PlayOption
- Step Interval : 1
- Disable DrawBounds : False
- Invoke First : False
- Allow Upload of DumpScreen results : False

2024-02-08 14:56:47,394 [T10] INFO  JobRunner
Initialize Script Engine

2024-02-08 14:56:47,410 [T15-ScriptEngine] INFO  JobRequest
##############################################################
### STATE: Initializing
##############################################################


2024-02-08 14:56:47,437 [T11] DEBUG JobRequest
Callback - State: Initializing


2024-02-08 14:56:48,304 [T15-ScriptEngine] INFO  JobRequest
##############################################################
### STATE: Ready
##############################################################


2024-02-08 14:56:48,312 [T11] DEBUG JobRequest
Callback - State: Ready


2024-02-08 14:56:48,316 [T10] INFO  JobRunnerHook
HotKey Hook Started

2024-02-08 14:56:48,317 [T10] INFO  JobRequest
##############################################################
### STATE: Starting
##############################################################


2024-02-08 14:56:48,319 [T15-ScriptEngine] INFO  JobRunner
RunProcess start

2024-02-08 14:56:48,320 [T15-ScriptEngine] INFO  JobRequest
##############################################################
### STATE: Running
##############################################################


2024-02-08 14:56:48,321 [T15-ScriptEngine] INFO  JobRequest
Last job life cycle state: Running

2024-02-08 14:56:48,328 [T11] DEBUG JobRequest
Callback - State: Starting


2024-02-08 14:56:48,328 [T11] DEBUG JobRequest
Callback - State: Running


2024-02-08 14:56:49,479 [T15-ScriptEngine] DEBUG ScreenCapture
DirectX Screen Capture Initialized.

2024-02-08 14:56:49,502 [T15-ScriptEngine] DEBUG JobRunner
DirectX ScreenCapture Checked.

2024-02-08 14:56:49,534 [T15-ScriptEngine] INFO  JobRequest
##############################################################
### STATE: StartProcess - P_P_SHS_계산
##############################################################
4f70287f-0754-4d69-9c85-264207feafbf
P_P_SHS_계산


2024-02-08 14:56:49,602 [T15-ScriptEngine] INFO  JobRequest
**************************************************************
*** TASK: P_P_SHS_계산
**************************************************************
 - STEP 1: Sc82c0d8488894d11bb7aad5403b62459 (1/25) - (1/25)
 - [1] OpenExcel


2024-02-08 14:56:52,641 [T15-ScriptEngine] INFO  JobRequest
 - STEP 2: S459447ecf9544123a8fdc5f53647d86b (2/25) - (2/25)
 - [2] DoWhile


2024-02-08 14:56:52,656 [T15-ScriptEngine] INFO  JobRequest
 - STEP 3: Sd77338d6192b4fe5a66f939ab396acc6 (3/25) - (3/25)
 - [3] KeyInput


2024-02-08 14:56:53,030 [T15-ScriptEngine] INFO  JobRequest
 - STEP 4: S90a9ad6646234402b52572f94d5a92c4 (4/25) - (4/25)
 - [4] KeyInput


2024-02-08 14:56:53,313 [T15-ScriptEngine] INFO  JobRequest
 - STEP 5: S0daa8208f9ed4e8ba6d909b8d63f634d (5/25) - (5/25)
 - [5] InputBox


2024-02-08 14:56:54,936 [T15-ScriptEngine] INFO  JobRequest
 - STEP 6: S891bbc6155744243ae6235c1e7d01601 (6/25) - (6/25)
 - [6] TextInput


2024-02-08 14:56:55,128 [T10] INFO  UIAEventHandler
Start UIA event handler

2024-02-08 14:56:56,136 [T10] DEBUG UIAEventHandler
UI Structure Changed Count: 0

2024-02-08 14:56:56,136 [T10] INFO  UIAEventHandler
waiting for 755 msec during the screen structure is changing.

2024-02-08 14:56:56,403 [T10] DEBUG UIAEventHandler
UI Structure Changed Count: 0

2024-02-08 14:56:56,403 [T10] INFO  UIAEventHandler
waiting for 104 msec during the screen structure is changing.

2024-02-08 14:56:59,009 [T15-ScriptEngine] INFO  JobRequest
 - STEP 7: S02355f31b6df428fa343a317c24c2b78 (7/25) - (7/25)
 - [7] InputBox


2024-02-08 14:57:04,812 [T15-ScriptEngine] INFO  JobRequest
 - STEP 8: Sfecf63ce0407495ca3ad764f9ff38217 (8/25) - (8/25)
 - [8] TextInput


2024-02-08 14:57:07,684 [T15-ScriptEngine] INFO  JobRequest
 - STEP 9: Se689f2ae0eec46d5b85be610a3583ecf (9/25) - (9/25)
 - [9] KeyInput


2024-02-08 14:57:07,905 [T15-ScriptEngine] INFO  JobRequest
 - STEP 10: S5839480e678f4b3f9215291390848258 (10/25) - (10/25)
 - [10] KeyInput


2024-02-08 14:57:08,170 [T15-ScriptEngine] INFO  JobRequest
 - STEP 11: Sd347ea069c7749f58ffc2ace734147d0 (11/25) - (11/25)
 - [11] KeyInput


2024-02-08 14:57:08,577 [T15-ScriptEngine] INFO  JobRequest
 - STEP 12: Sf4aa5d6d3b954bb4a8ea329dfeffe0ad (12/25) - (12/25)
 - [12] KeyInput


2024-02-08 14:57:09,260 [T15-ScriptEngine] INFO  JobRequest
 - STEP 13: S62aac72cd6534deda3f3827d19058166 (13/25) - (13/25)
 - [13] TextInput


2024-02-08 14:57:10,485 [T10] DEBUG UIAEventHandler
UI Structure Changed Count: 0

2024-02-08 14:57:10,485 [T10] INFO  UIAEventHandler
waiting for 718 msec during the screen structure is changing.

2024-02-08 14:57:11,511 [T10] WARN  WinApi
SetForeground Failed.
 Attach ThreadInput - True
 Foreground Window - HWND: 2229966, Title: PDF 또는 XPS로 게시, PID: 12180, ProcessName: EXCEL
 Target Window - HWND: 3737600, Title: 사출원가 계산1.xlsx - Excel, PID: 12180, ProcessName: EXCEL

2024-02-08 14:57:11,786 [T10] DEBUG UIAEventHandler
UI Structure Changed Count: 0

2024-02-08 14:57:11,786 [T10] INFO  UIAEventHandler
waiting for 106 msec during the screen structure is changing.

2024-02-08 14:57:14,402 [T15-ScriptEngine] INFO  JobRequest
 - STEP 14: Sbefcfcfb9fa643139b1fead668b0ae87 (14/25) - (14/25)
 - [14] KeyInput


2024-02-08 14:57:14,690 [T15-ScriptEngine] INFO  JobRequest
 - STEP 15: Sb959a6d599d74720aa2f733b706d672d (15/25) - (15/25)
 - [15] KeyInput


2024-02-08 14:57:16,447 [T15-ScriptEngine] INFO  JobRequest
 - STEP 16: Sdac99c71d738452ab21b4eadfb3cb173 (16/25) - (16/25)
 - [16] SendMail


2024-02-08 14:57:16,951 [T15-ScriptEngine] INFO  JobRequest
 - STEP 17: Sa4abfe136bfc46ab96df861e4c1d063f (17/25) - (17/25)
 - [17] DeleteFile


2024-02-08 14:57:16,966 [T15-ScriptEngine] INFO  JobRequest
 - STEP 18: S7eaa2a859602424db7b7d89eb9a9e9ff (18/25) - (18/25)
 - [18] CloseBrowser


2024-02-08 14:57:17,029 [T15-ScriptEngine] INFO  JobRequest
 - STEP 19: S798228a3eae2416a8db43e79e4ad670f (19/25) - (19/25)
 - [19] ActivateExcel


2024-02-08 14:57:17,124 [T15-ScriptEngine] INFO  JobRequest
 - STEP 20: S4f8ee7dcd2e8406699158bb340521b69 (20/25) - (20/25)
 - [20] KeyInput


2024-02-08 14:57:17,554 [T15-ScriptEngine] INFO  JobRequest
 - STEP 21: S444468e06d874701a741f21574adb269 (21/25) - (21/25)
 - [21] InputBox


2024-02-08 14:57:20,060 [T15-ScriptEngine] INFO  JobRequest
 - STEP 22: Sd77338d6192b4fe5a66f939ab396acc6 (3/25) - (21/25)
 - [3] KeyInput


2024-02-08 14:57:20,386 [T15-ScriptEngine] INFO  JobRequest
 - STEP 23: S90a9ad6646234402b52572f94d5a92c4 (4/25) - (21/25)
 - [4] KeyInput


2024-02-08 14:57:20,666 [T15-ScriptEngine] INFO  JobRequest
 - STEP 24: S0daa8208f9ed4e8ba6d909b8d63f634d (5/25) - (21/25)
 - [5] InputBox


2024-02-08 14:57:21,988 [T15-ScriptEngine] INFO  JobRequest
 - STEP 25: S891bbc6155744243ae6235c1e7d01601 (6/25) - (21/25)
 - [6] TextInput


2024-02-08 14:57:24,554 [T15-ScriptEngine] INFO  JobRequest
 - STEP 26: S02355f31b6df428fa343a317c24c2b78 (7/25) - (21/25)
 - [7] InputBox


2024-02-08 14:57:31,724 [T15-ScriptEngine] INFO  JobRequest
 - STEP 27: Sfecf63ce0407495ca3ad764f9ff38217 (8/25) - (21/25)
 - [8] TextInput


2024-02-08 14:57:31,962 [T21] DEBUG UIAEventHandler
UI Structure Changed Count: 0

2024-02-08 14:57:31,962 [T21] INFO  UIAEventHandler
waiting for 106 msec during the screen structure is changing.

2024-02-08 14:57:34,711 [T15-ScriptEngine] INFO  JobRequest
 - STEP 28: Se689f2ae0eec46d5b85be610a3583ecf (9/25) - (21/25)
 - [9] KeyInput


2024-02-08 14:57:34,935 [T15-ScriptEngine] INFO  JobRequest
 - STEP 29: S5839480e678f4b3f9215291390848258 (10/25) - (21/25)
 - [10] KeyInput


2024-02-08 14:57:35,201 [T15-ScriptEngine] INFO  JobRequest
 - STEP 30: Sd347ea069c7749f58ffc2ace734147d0 (11/25) - (21/25)
 - [11] KeyInput


2024-02-08 14:57:35,610 [T15-ScriptEngine] INFO  JobRequest
 - STEP 31: Sf4aa5d6d3b954bb4a8ea329dfeffe0ad (12/25) - (21/25)
 - [12] KeyInput


2024-02-08 14:57:36,256 [T15-ScriptEngine] INFO  JobRequest
 - STEP 32: S62aac72cd6534deda3f3827d19058166 (13/25) - (21/25)
 - [13] TextInput


2024-02-08 14:57:37,080 [T21] DEBUG UIAEventHandler
UI Structure Changed Count: 0

2024-02-08 14:57:37,080 [T21] INFO  UIAEventHandler
waiting for 798 msec during the screen structure is changing.

2024-02-08 14:57:38,109 [T21] WARN  WinApi
SetForeground Failed.
 Attach ThreadInput - True
 Foreground Window - HWND: 12125810, Title: PDF 또는 XPS로 게시, PID: 12180, ProcessName: EXCEL
 Target Window - HWND: 3737600, Title: 사출원가 계산1.xlsx - Excel, PID: 12180, ProcessName: EXCEL

2024-02-08 14:57:38,401 [T21] DEBUG UIAEventHandler
UI Structure Changed Count: 0

2024-02-08 14:57:38,401 [T21] INFO  UIAEventHandler
waiting for 115 msec during the screen structure is changing.

2024-02-08 14:57:40,914 [T15-ScriptEngine] INFO  JobRequest
 - STEP 33: Sbefcfcfb9fa643139b1fead668b0ae87 (14/25) - (21/25)
 - [14] KeyInput


2024-02-08 14:57:41,180 [T15-ScriptEngine] INFO  JobRequest
 - STEP 34: Sb959a6d599d74720aa2f733b706d672d (15/25) - (21/25)
 - [15] KeyInput


2024-02-08 14:57:42,933 [T15-ScriptEngine] INFO  JobRequest
 - STEP 35: Sdac99c71d738452ab21b4eadfb3cb173 (16/25) - (21/25)
 - [16] SendMail


2024-02-08 14:57:43,374 [T15-ScriptEngine] INFO  JobRequest
 - STEP 36: Sa4abfe136bfc46ab96df861e4c1d063f (17/25) - (21/25)
 - [17] DeleteFile


2024-02-08 14:57:43,390 [T15-ScriptEngine] INFO  JobRequest
 - STEP 37: S7eaa2a859602424db7b7d89eb9a9e9ff (18/25) - (21/25)
 - [18] CloseBrowser


2024-02-08 14:57:43,422 [T15-ScriptEngine] INFO  JobRequest
 - STEP 38: S798228a3eae2416a8db43e79e4ad670f (19/25) - (21/25)
 - [19] ActivateExcel


2024-02-08 14:57:43,470 [T15-ScriptEngine] INFO  JobRequest
 - STEP 39: S4f8ee7dcd2e8406699158bb340521b69 (20/25) - (21/25)
 - [20] KeyInput


2024-02-08 14:57:43,901 [T15-ScriptEngine] INFO  JobRequest
 - STEP 40: S444468e06d874701a741f21574adb269 (21/25) - (21/25)
 - [21] InputBox


2024-02-08 14:57:48,516 [T15-ScriptEngine] INFO  JobRequest
 - STEP 41: S4f4f9b8e295a4e5ba13810cae21b9aa6 (22/25) - (22/25)
 - [22] End-DoWhile


2024-02-08 14:57:48,520 [T15-ScriptEngine] INFO  JobRequest
 - STEP 42: Sa64401fb6e334efc9530b56751cd09f3 (23/25) - (23/25)
 - [23] IfThen


2024-02-08 14:57:48,540 [T15-ScriptEngine] INFO  JobRequest
 - STEP 43: S8f1ebc32a52a4b5ea55e5e293c8a5b66 (24/25) - (24/25)
 - [24] CloseExcel


2024-02-08 14:57:48,575 [T15-ScriptEngine] DEBUG ExcelBase
DisposeExcel

2024-02-08 14:57:49,863 [T15-ScriptEngine] INFO  JobRequest
 - STEP 44: Sf234694997fd4cc880893a65a9fae6c0 (25/25) - (25/25)
 - [25] End-IfThen


2024-02-08 14:57:49,863 [T15-ScriptEngine] INFO  JobRunner
[PASS] TASK: P_P_SHS_계산

2024-02-08 14:57:49,869 [T15-ScriptEngine] INFO  JobRequest
##############################################################
### STATE: EndProcess - P_P_SHS_계산
##############################################################
4f70287f-0754-4d69-9c85-264207feafbf
P_P_SHS_계산


2024-02-08 14:57:49,890 [T15-ScriptEngine] INFO  JobRunner
RunProcess - Job Result: {}

2024-02-08 14:57:49,891 [T15-ScriptEngine] DEBUG JobManager
Set Result State: Completed

2024-02-08 14:57:49,896 [T15-ScriptEngine] INFO  JobRunner
Make report.

2024-02-08 14:57:49,943 [T15-ScriptEngine] INFO  JobRunner
Start to clean up resources.

2024-02-08 14:57:49,944 [T15-ScriptEngine] DEBUG JobRunner
OnProcessCompleted

2024-02-08 14:57:49,944 [T10] DEBUG JobRunner
Start timer for checking the job to be completed.

2024-02-08 14:57:49,945 [T15-ScriptEngine] INFO  JobRunner
Start to clean up resources.

2024-02-08 14:57:49,947 [T15-ScriptEngine] DEBUG JobRunner
Remove all libraries

2024-02-08 14:57:49,949 [T15-ScriptEngine] DEBUG NetPlayer
WebPlayer OnDispose

2024-02-08 14:57:49,951 [T15-ScriptEngine] DEBUG WebPlayer
WebPlayer OnDispose : Do Nothing

2024-02-08 14:57:49,952 [T15-ScriptEngine] DEBUG UIAEventHandler
Stop UIA event handler

2024-02-08 14:57:49,982 [T15-ScriptEngine] DEBUG UiaAppHelper
WinHelper DisposeAppList Count: 0

2024-02-08 14:57:49,982 [T15-ScriptEngine] INFO  JobRunner
All Resources Clear

2024-02-08 14:57:49,984 [T15-ScriptEngine] DEBUG JobRunner
OnCompleted

2024-02-08 14:57:49,985 [T15-ScriptEngine] DEBUG JobRunner
SendJobResult: Completed

2024-02-08 14:57:49,985 [T15-ScriptEngine] INFO  JobRequest
##############################################################
### STATE: Completed
##############################################################
{}


2024-02-08 14:57:49,985 [T15-ScriptEngine] INFO  JobRequest
Last job life cycle state: Completed

2024-02-08 14:57:49,985 [T15-ScriptEngine] INFO  JobRequest
Update skipped current step informations.

2024-02-08 14:57:49,996 [T15-ScriptEngine] INFO  JobRequest
##############################################################
### JOB COMPLETED
##############################################################


2024-02-08 14:57:50,006 [T11] DEBUG JobRequest
Callback - State: Completed
{}

2024-02-08 14:57:50,008 [T11] INFO  JobRequest
Callback - EngineClosed

2024-02-08 14:57:50,009 [T11] INFO  JobService
Disconnect agent service

2024-02-08 14:57:50,011 [T11] DEBUG JobRequest
End of Callback Sender

