2024-02-07 15:17:20,548 [T1] INFO  EngineStarter
BOT Engine Start - v3.1.100.11228 at 2024-02-07 오후 3:17:20
EngineID: D_20240207_151719_885
PID : 10812
PPID: 7672
Working Directory: C:\RPA\Brity RPA Designer

2024-02-07 15:17:20,565 [T1] INFO  EngineStarter
System Language: ko-KR
Resolution: 1920 x 1200

2024-02-07 15:17:20,786 [T1] INFO  Config
Initialize Config

2024-02-07 15:17:20,825 [T1] DEBUG Config
Config Loaded

2024-02-07 15:17:20,825 [T1] DEBUG Config
Backup config file.

2024-02-07 15:17:20,834 [T1] INFO  Config
Orchestrator Service => https://bwrpa.samsungsds.com:8777

2024-02-07 15:17:20,838 [T1] INFO  Config
Initialize Resource Config

2024-02-07 15:17:20,864 [T1] DEBUG Config
Refresh Language Information

2024-02-07 15:17:20,957 [T1] INFO  Config
All Config Initialized.

2024-02-07 15:17:20,963 [T1] DEBUG KeyManager
Initialize KeyManager

2024-02-07 15:17:20,966 [T1] DEBUG KeyManager
Load device unique id.

2024-02-07 15:17:20,973 [T1] DEBUG KeyManager
Device ID is initialized.

2024-02-07 15:17:21,064 [T4] DEBUG JobService
Connect to agent service

2024-02-07 15:17:21,091 [T4] DEBUG JobService
JobService URL : net.tcp://127.0.0.1:59001/rpa/agent

2024-02-07 15:17:21,091 [T4] DEBUG JobService
Open connection

2024-02-07 15:17:21,097 [T1] DEBUG ApplicationInitializer
InitMode: Thread

2024-02-07 15:17:21,105 [T1] INFO  LibraryManager
Load Libraries - Started

2024-02-07 15:17:21,115 [T4] DEBUG JobService
Register engine to agent

2024-02-07 15:17:21,118 [T1] DEBUG AddInLoader
Load Assembly : IPA.Lib.Chrome

2024-02-07 15:17:21,134 [T4] DEBUG JobService
Engine is connected to agent service.

2024-02-07 15:17:21,134 [T4] DEBUG JobService
Owner Process PID: 7672

2024-02-07 15:17:21,136 [T4] INFO  JobService
Start monitoring owner process is terminated.

2024-02-07 15:17:21,371 [T1] DEBUG AddInLoader
Load Assembly : IPA.Lib.Desktop

2024-02-07 15:17:21,451 [T6] INFO  JobService
Start Job: P_P_SHS_계산 (Foreground)
{
  "JobType": 1,
  "State": 0,
  "IsRunning": false,
  "ResultMessage": null,
  "StartTime": "2024-02-07 15:17:19",
  "EndTime": null,
  "JobId": "Designer_20240207_151718_630",
  "UserAuthentication": null,
  "ProcessPath": "C:\\Users\\2class_17\\Documents\\Brity RPA Projects\\P_SHS_계산\\P_P_SHS_계산.proc",
  "ProcessId": "4f70287f-0754-4d69-9c85-264207feafbf",
  "ProcessVer": "",
  "ProcessArgs": null,
  "RequesterType": 3,
  "RequesterId": "designer",
  "RequesterPID": 7672,
  "OptionsJsonString": null,
  "TimeoutSec": 0,
  "EngineID": "D_20240207_151719_885",
  "EnginePID": 0,
  "EngineRecommededVersion": "",
  "JobWorkDir": "C:\\Users\\2class_17\\Documents\\Brity RPA Projects\\P_SHS_계산\\Histories\\20240207_151719_P_P_SHS_계산_Designer_20240207_151718_630",
  "JobLogDir": "C:\\Users\\2class_17\\Documents\\Brity RPA Projects\\P_SHS_계산\\Histories\\20240207_151719_P_P_SHS_계산_Designer_20240207_151718_630\\Log",
  "JobScreenshotDir": "C:\\Users\\2class_17\\Documents\\Brity RPA Projects\\P_SHS_계산\\Histories\\20240207_151719_P_P_SHS_계산_Designer_20240207_151718_630\\Log\\Screenshot"
}

2024-02-07 15:17:21,550 [T1] DEBUG AddInLoader
Load Assembly : IPA.Lib.Excel

2024-02-07 15:17:21,616 [T9] DEBUG JobService
Waiting library loading...

2024-02-07 15:17:21,736 [T1] DEBUG AddInLoader
Load Assembly : IPA.Lib.Flow

2024-02-07 15:17:21,842 [T1] DEBUG AddInLoader
Load Assembly : IPA.Lib.IE

2024-02-07 15:17:21,926 [T1] DEBUG AddInLoader
Load Assembly : IPA.Lib.ImageConverter

2024-02-07 15:17:21,982 [T1] DEBUG AddInLoader
Load Assembly : IPA.Lib.ImageRecognition

2024-02-07 15:17:22,159 [T1] DEBUG AddInLoader
Load Assembly : IPA.Lib.MicrosoftOCR

2024-02-07 15:17:22,212 [T1] DEBUG AddInLoader
Load Assembly : IPA.Lib.Net

2024-02-07 15:17:22,292 [T1] DEBUG AddInLoader
Load Assembly : IPA.Lib.Orchestra

2024-02-07 15:17:22,367 [T1] DEBUG AddInLoader
Load Assembly : IPA.Lib.ProcessFlow

2024-02-07 15:17:22,450 [T1] DEBUG AddInLoader
Load Assembly : IPA.Lib.SAP

2024-02-07 15:17:22,529 [T1] DEBUG AddInLoader
Load Assembly : IPA.Lib.Web

2024-02-07 15:17:22,626 [T1] DEBUG AddInLoader
Load Assembly : IPA.Lib.Win

2024-02-07 15:17:22,738 [T1] INFO  ScreenCapture
Default Screen Capture Bounds: 0,0,1920,1200

2024-02-07 15:17:22,767 [T1] DEBUG AddInLoader
Load Assembly : BrityRPA.AddIn.NativeApp

2024-02-07 15:17:22,871 [T1] DEBUG AddInLoader
Load Assembly : BrityWorks.AddIn.Outlook

2024-02-07 15:17:22,956 [T1] DEBUG AddInLoader
Load Assembly : BrityWorks.AddIn.Pdf

2024-02-07 15:17:23,032 [T1] DEBUG LibraryManager
Load Library - Chrome

2024-02-07 15:17:23,047 [T1] DEBUG LibraryManager
Load Library - Desktop

2024-02-07 15:17:23,062 [T1] DEBUG LibraryManager
Load Library - Excel

2024-02-07 15:17:23,078 [T1] DEBUG LibraryManager
Load Library - Flow

2024-02-07 15:17:23,093 [T1] DEBUG LibraryManager
Load Library - IE

2024-02-07 15:17:23,109 [T1] DEBUG LibraryManager
Load Library - ImageConverter

2024-02-07 15:17:23,124 [T1] DEBUG LibraryManager
Load Library - ImageRecognition

2024-02-07 15:17:23,140 [T1] DEBUG LibraryManager
Load Library - MicrosoftOCR

2024-02-07 15:17:23,155 [T1] DEBUG LibraryManager
Load Library - NativeApp

2024-02-07 15:17:23,171 [T1] DEBUG LibraryManager
Load Library - Net

2024-02-07 15:17:23,186 [T1] DEBUG LibraryManager
Load Library - Orchestra

2024-02-07 15:17:23,202 [T1] DEBUG LibraryManager
Load Library - Outlook

2024-02-07 15:17:23,217 [T1] DEBUG LibraryManager
Load Library - Pdf

2024-02-07 15:17:23,233 [T1] DEBUG LibraryManager
Load Library - SAP

2024-02-07 15:17:23,248 [T1] DEBUG LibraryManager
Load Library - Web

2024-02-07 15:17:23,264 [T1] DEBUG LibraryManager
Load Library - Win

2024-02-07 15:17:23,279 [T1] DEBUG LibraryManager
Load Library - WorkFlow

2024-02-07 15:17:23,286 [T1] DEBUG LibraryManager
Load built-in script libraries

2024-02-07 15:17:23,499 [T1] INFO  LibraryManager
Load Libraries - Completed.

2024-02-07 15:17:23,511 [T1] INFO  App
Launch Arguments: Total: 6 |  -eid D_20240207_151719_885 -runtype ProcRunner -ppid 7672

2024-02-07 15:17:23,511 [T1] DEBUG Config
Refresh Language Information

2024-02-07 15:17:23,512 [T1] DEBUG LibraryManager
LibraryManager Initialized.

2024-02-07 15:17:23,521 [T9] DEBUG Config
Reload User Settings

2024-02-07 15:17:23,522 [T9] INFO  JobService
Config Loading Completed.

2024-02-07 15:17:23,522 [T9] DEBUG JobService
Config Loading Time: 1905 ms.

2024-02-07 15:17:23,526 [T9] DEBUG JobService
Check Shared Token

2024-02-07 15:17:23,527 [T9] DEBUG TokenManager
Load connection token

2024-02-07 15:17:23,537 [T9] DEBUG TokenManager
Clear Connection Token - No Shared Token

2024-02-07 15:17:23,582 [T1] DEBUG ServerInformationClient
Request server feature list

2024-02-07 15:17:23,646 [T1] INFO  ServerInformationClient
Server feature update successful

2024-02-07 15:17:23,648 [T1] INFO  ServerInformationClient
It takes 75 milliseconds to try to update the server feature list.

2024-02-07 15:17:23,649 [T1] INFO  Config
Update server features to config.

2024-02-07 15:17:23,678 [T9] INFO  JobService
Shared Token - No Token

2024-02-07 15:17:23,683 [T9] INFO  JobManager
Create JobManager instance for job P_P_SHS_계산(Designer_20240207_151718_630)

2024-02-07 15:17:23,689 [T9] INFO  JobRequest
Job ID : Designer_20240207_151718_630
Project Path  : C:\Users\2class_17\Documents\Brity RPA Projects\P_SHS_계산\P_SHS_계산.proj
Process Name  : P_P_SHS_계산
Engine Mode   : Designer
Requester Type: Designer
Requester PID : 7672

2024-02-07 15:17:23,692 [T5] INFO  JobRequest
Start Callback Sender

2024-02-07 15:17:23,692 [T5] DEBUG JobRequest
Step Callback Interval: 500

2024-02-07 15:17:23,730 [T9] DEBUG ProjectManager
Set Project Information

2024-02-07 15:17:23,753 [T9] INFO  PlayOptionManager
PlayOption
- Step Interval : 1
- Disable DrawBounds : False
- Invoke First : False
- Allow Upload of DumpScreen results : False

2024-02-07 15:17:23,754 [T9] INFO  JobRunner
Initialize Script Engine

2024-02-07 15:17:23,769 [T13-ScriptEngine] INFO  JobRequest
##############################################################
### STATE: Initializing
##############################################################


2024-02-07 15:17:23,784 [T5] DEBUG JobRequest
Callback - State: Initializing


2024-02-07 15:17:24,603 [T13-ScriptEngine] INFO  JobRequest
##############################################################
### STATE: Ready
##############################################################


2024-02-07 15:17:24,612 [T5] DEBUG JobRequest
Callback - State: Ready


2024-02-07 15:17:24,614 [T9] INFO  JobRunnerHook
HotKey Hook Started

2024-02-07 15:17:24,614 [T9] INFO  JobRequest
##############################################################
### STATE: Starting
##############################################################


2024-02-07 15:17:24,616 [T13-ScriptEngine] INFO  JobRunner
RunProcess start

2024-02-07 15:17:24,618 [T13-ScriptEngine] INFO  JobRequest
##############################################################
### STATE: Running
##############################################################


2024-02-07 15:17:24,618 [T13-ScriptEngine] INFO  JobRequest
Last job life cycle state: Running

2024-02-07 15:17:24,628 [T5] DEBUG JobRequest
Callback - State: Starting


2024-02-07 15:17:24,628 [T5] DEBUG JobRequest
Callback - State: Running


2024-02-07 15:17:25,703 [T13-ScriptEngine] DEBUG ScreenCapture
DirectX Screen Capture Initialized.

2024-02-07 15:17:25,789 [T13-ScriptEngine] DEBUG JobRunner
DirectX ScreenCapture Checked.

2024-02-07 15:17:25,819 [T13-ScriptEngine] INFO  JobRequest
##############################################################
### STATE: StartProcess - P_P_SHS_계산
##############################################################
4f70287f-0754-4d69-9c85-264207feafbf
P_P_SHS_계산


2024-02-07 15:17:25,876 [T13-ScriptEngine] INFO  JobRequest
**************************************************************
*** TASK: P_P_SHS_계산
**************************************************************
 - STEP 1: Sc82c0d8488894d11bb7aad5403b62459 (1/26) - (1/26)
 - [1] OpenExcel


2024-02-07 15:17:28,531 [T13-ScriptEngine] INFO  JobRequest
 - STEP 2: S5554bdb0c6764aaf9bbece9f09958894 (2/26) - (2/26)
 - [2] ExecuteScript


2024-02-07 15:17:28,547 [T13-ScriptEngine] INFO  JobRequest
 - STEP 3: S459447ecf9544123a8fdc5f53647d86b (3/26) - (3/26)
 - [3] DoWhile


2024-02-07 15:17:28,562 [T13-ScriptEngine] INFO  JobRequest
 - STEP 4: Sd77338d6192b4fe5a66f939ab396acc6 (4/26) - (4/26)
 - [4] KeyInput


2024-02-07 15:17:28,955 [T13-ScriptEngine] INFO  JobRequest
 - STEP 5: S90a9ad6646234402b52572f94d5a92c4 (5/26) - (5/26)
 - [5] KeyInput


2024-02-07 15:17:29,237 [T13-ScriptEngine] INFO  JobRequest
 - STEP 6: S0daa8208f9ed4e8ba6d909b8d63f634d (6/26) - (6/26)
 - [6] InputBox


2024-02-07 15:18:13,040 [T13-ScriptEngine] INFO  JobRequest
 - STEP 7: S891bbc6155744243ae6235c1e7d01601 (7/26) - (7/26)
 - [7] TextInput


2024-02-07 15:18:13,239 [T17] INFO  UIAEventHandler
Start UIA event handler

2024-02-07 15:18:14,340 [T17] DEBUG UIAEventHandler
UI Structure Changed Count: 1

2024-02-07 15:18:14,452 [T17] INFO  UIAEventHandler
waiting for 1143 msec during the screen structure is changing.

2024-02-07 15:18:14,705 [T17] DEBUG UIAEventHandler
UI Structure Changed Count: 0

2024-02-07 15:18:14,705 [T17] INFO  UIAEventHandler
waiting for 99 msec during the screen structure is changing.

2024-02-07 15:18:17,216 [T13-ScriptEngine] INFO  JobRequest
 - STEP 8: S02355f31b6df428fa343a317c24c2b78 (8/26) - (8/26)
 - [8] InputBox


2024-02-07 15:18:28,392 [T13-ScriptEngine] INFO  JobRequest
 - STEP 9: Sfecf63ce0407495ca3ad764f9ff38217 (9/26) - (9/26)
 - [9] TextInput


2024-02-07 15:18:28,566 [T17] DEBUG UIAEventHandler
UI Structure Changed Count: 0

2024-02-07 15:18:28,566 [T17] INFO  UIAEventHandler
waiting for 95 msec during the screen structure is changing.

2024-02-07 15:18:31,344 [T13-ScriptEngine] INFO  JobRequest
 - STEP 10: Se689f2ae0eec46d5b85be610a3583ecf (10/26) - (10/26)
 - [10] KeyInput


2024-02-07 15:18:31,564 [T13-ScriptEngine] INFO  JobRequest
 - STEP 11: S5839480e678f4b3f9215291390848258 (11/26) - (11/26)
 - [11] KeyInput


2024-02-07 15:18:31,833 [T13-ScriptEngine] INFO  JobRequest
 - STEP 12: Sd347ea069c7749f58ffc2ace734147d0 (12/26) - (12/26)
 - [12] KeyInput


2024-02-07 15:18:32,245 [T13-ScriptEngine] INFO  JobRequest
 - STEP 13: Sf4aa5d6d3b954bb4a8ea329dfeffe0ad (13/26) - (13/26)
 - [13] KeyInput


2024-02-07 15:18:32,895 [T13-ScriptEngine] INFO  JobRequest
 - STEP 14: S62aac72cd6534deda3f3827d19058166 (14/26) - (14/26)
 - [14] TextInput


2024-02-07 15:18:33,925 [T19] DEBUG UIAEventHandler
UI Structure Changed Count: 0

2024-02-07 15:18:33,925 [T19] INFO  UIAEventHandler
waiting for 385 msec during the screen structure is changing.

2024-02-07 15:18:34,950 [T19] WARN  WinApi
SetForeground Failed.
 Attach ThreadInput - True
 Foreground Window - HWND: 10225344, Title: PDF 또는 XPS로 게시, PID: 5992, ProcessName: EXCEL
 Target Window - HWND: 17499850, Title: 사출원가 계산1.xlsx - Excel, PID: 5992, ProcessName: EXCEL

2024-02-07 15:18:35,195 [T19] DEBUG UIAEventHandler
UI Structure Changed Count: 0

2024-02-07 15:18:35,195 [T19] INFO  UIAEventHandler
waiting for 81 msec during the screen structure is changing.

2024-02-07 15:18:37,725 [T13-ScriptEngine] INFO  JobRequest
 - STEP 15: Sbefcfcfb9fa643139b1fead668b0ae87 (15/26) - (15/26)
 - [15] KeyInput


2024-02-07 15:18:37,993 [T13-ScriptEngine] INFO  JobRequest
 - STEP 16: Sb959a6d599d74720aa2f733b706d672d (16/26) - (16/26)
 - [16] KeyInput


2024-02-07 15:18:39,769 [T13-ScriptEngine] INFO  JobRequest
 - STEP 17: Sdac99c71d738452ab21b4eadfb3cb173 (17/26) - (17/26)
 - [17] SendMail


2024-02-07 15:18:40,274 [T13-ScriptEngine] INFO  JobRequest
 - STEP 18: Sa4abfe136bfc46ab96df861e4c1d063f (18/26) - (18/26)
 - [18] DeleteFile


2024-02-07 15:18:40,289 [T13-ScriptEngine] INFO  JobRequest
 - STEP 19: S7eaa2a859602424db7b7d89eb9a9e9ff (19/26) - (19/26)
 - [19] CloseBrowser


2024-02-07 15:18:40,336 [T13-ScriptEngine] INFO  JobRequest
 - STEP 20: S798228a3eae2416a8db43e79e4ad670f (20/26) - (20/26)
 - [20] ActivateExcel


2024-02-07 15:18:40,416 [T13-ScriptEngine] INFO  JobRequest
 - STEP 21: S4f8ee7dcd2e8406699158bb340521b69 (21/26) - (21/26)
 - [21] KeyInput


2024-02-07 15:18:40,845 [T13-ScriptEngine] INFO  JobRequest
 - STEP 22: S444468e06d874701a741f21574adb269 (22/26) - (22/26)
 - [22] InputBox


2024-02-07 15:18:46,450 [T13-ScriptEngine] INFO  JobRequest
 - STEP 23: Sd77338d6192b4fe5a66f939ab396acc6 (4/26) - (22/26)
 - [4] KeyInput


2024-02-07 15:18:46,784 [T13-ScriptEngine] INFO  JobRequest
 - STEP 24: S90a9ad6646234402b52572f94d5a92c4 (5/26) - (22/26)
 - [5] KeyInput


2024-02-07 15:18:47,064 [T13-ScriptEngine] INFO  JobRequest
 - STEP 25: S0daa8208f9ed4e8ba6d909b8d63f634d (6/26) - (22/26)
 - [6] InputBox


2024-02-07 15:18:53,887 [T13-ScriptEngine] INFO  JobRequest
 - STEP 26: S891bbc6155744243ae6235c1e7d01601 (7/26) - (22/26)
 - [7] TextInput


2024-02-07 15:18:56,372 [T13-ScriptEngine] INFO  JobRequest
 - STEP 27: S02355f31b6df428fa343a317c24c2b78 (8/26) - (22/26)
 - [8] InputBox


2024-02-07 15:18:59,541 [T13-ScriptEngine] INFO  JobRequest
 - STEP 28: Sfecf63ce0407495ca3ad764f9ff38217 (9/26) - (22/26)
 - [9] TextInput


2024-02-07 15:18:59,717 [T19] DEBUG UIAEventHandler
UI Structure Changed Count: 0

2024-02-07 15:18:59,717 [T19] INFO  UIAEventHandler
waiting for 78 msec during the screen structure is changing.

2024-02-07 15:19:02,403 [T13-ScriptEngine] INFO  JobRequest
 - STEP 29: Se689f2ae0eec46d5b85be610a3583ecf (10/26) - (22/26)
 - [10] KeyInput


2024-02-07 15:19:02,625 [T13-ScriptEngine] INFO  JobRequest
 - STEP 30: S5839480e678f4b3f9215291390848258 (11/26) - (22/26)
 - [11] KeyInput


2024-02-07 15:19:02,892 [T13-ScriptEngine] INFO  JobRequest
 - STEP 31: Sd347ea069c7749f58ffc2ace734147d0 (12/26) - (22/26)
 - [12] KeyInput


2024-02-07 15:19:03,307 [T13-ScriptEngine] INFO  JobRequest
 - STEP 32: Sf4aa5d6d3b954bb4a8ea329dfeffe0ad (13/26) - (22/26)
 - [13] KeyInput


2024-02-07 15:19:03,958 [T13-ScriptEngine] INFO  JobRequest
 - STEP 33: S62aac72cd6534deda3f3827d19058166 (14/26) - (22/26)
 - [14] TextInput


2024-02-07 15:19:04,783 [T19] DEBUG UIAEventHandler
UI Structure Changed Count: 0

2024-02-07 15:19:04,783 [T19] INFO  UIAEventHandler
waiting for 441 msec during the screen structure is changing.

2024-02-07 15:19:05,803 [T19] WARN  WinApi
SetForeground Failed.
 Attach ThreadInput - True
 Foreground Window - HWND: 10355966, Title: PDF 또는 XPS로 게시, PID: 5992, ProcessName: EXCEL
 Target Window - HWND: 17499850, Title: 사출원가 계산1.xlsx - Excel, PID: 5992, ProcessName: EXCEL

2024-02-07 15:19:08,488 [T13-ScriptEngine] INFO  JobRequest
 - STEP 34: Sbefcfcfb9fa643139b1fead668b0ae87 (15/26) - (22/26)
 - [15] KeyInput


2024-02-07 15:19:08,762 [T13-ScriptEngine] INFO  JobRequest
 - STEP 35: Sb959a6d599d74720aa2f733b706d672d (16/26) - (22/26)
 - [16] KeyInput


2024-02-07 15:19:10,523 [T13-ScriptEngine] INFO  JobRequest
 - STEP 36: Sdac99c71d738452ab21b4eadfb3cb173 (17/26) - (22/26)
 - [17] SendMail


2024-02-07 15:19:10,947 [T13-ScriptEngine] INFO  JobRequest
 - STEP 37: Sa4abfe136bfc46ab96df861e4c1d063f (18/26) - (22/26)
 - [18] DeleteFile


2024-02-07 15:19:10,963 [T13-ScriptEngine] INFO  JobRequest
 - STEP 38: S7eaa2a859602424db7b7d89eb9a9e9ff (19/26) - (22/26)
 - [19] CloseBrowser


2024-02-07 15:19:10,994 [T13-ScriptEngine] INFO  JobRequest
 - STEP 39: S798228a3eae2416a8db43e79e4ad670f (20/26) - (22/26)
 - [20] ActivateExcel


2024-02-07 15:19:11,025 [T13-ScriptEngine] INFO  JobRequest
 - STEP 40: S4f8ee7dcd2e8406699158bb340521b69 (21/26) - (22/26)
 - [21] KeyInput


2024-02-07 15:19:11,451 [T13-ScriptEngine] INFO  JobRequest
 - STEP 41: S444468e06d874701a741f21574adb269 (22/26) - (22/26)
 - [22] InputBox


2024-02-07 15:19:19,877 [T13-ScriptEngine] INFO  JobRequest
 - STEP 42: S4f4f9b8e295a4e5ba13810cae21b9aa6 (23/26) - (23/26)
 - [23] End-DoWhile


2024-02-07 15:19:19,896 [T13-ScriptEngine] INFO  JobRequest
 - STEP 43: Sa64401fb6e334efc9530b56751cd09f3 (24/26) - (24/26)
 - [24] IfThen


2024-02-07 15:19:19,913 [T13-ScriptEngine] INFO  JobRequest
 - STEP 44: S8f1ebc32a52a4b5ea55e5e293c8a5b66 (25/26) - (25/26)
 - [25] CloseExcel


2024-02-07 15:19:19,943 [T13-ScriptEngine] DEBUG ExcelBase
DisposeExcel

2024-02-07 15:19:21,196 [T13-ScriptEngine] INFO  JobRequest
 - STEP 45: Sf234694997fd4cc880893a65a9fae6c0 (26/26) - (26/26)
 - [26] End-IfThen


2024-02-07 15:19:21,196 [T13-ScriptEngine] INFO  JobRunner
[PASS] TASK: P_P_SHS_계산

2024-02-07 15:19:21,201 [T13-ScriptEngine] INFO  JobRequest
##############################################################
### STATE: EndProcess - P_P_SHS_계산
##############################################################
4f70287f-0754-4d69-9c85-264207feafbf
P_P_SHS_계산


2024-02-07 15:19:21,216 [T13-ScriptEngine] INFO  JobRunner
RunProcess - Job Result: {}

2024-02-07 15:19:21,216 [T13-ScriptEngine] DEBUG JobManager
Set Result State: Completed

2024-02-07 15:19:21,220 [T13-ScriptEngine] INFO  JobRunner
Make report.

2024-02-07 15:19:21,260 [T13-ScriptEngine] INFO  JobRunner
Start to clean up resources.

2024-02-07 15:19:21,261 [T13-ScriptEngine] DEBUG JobRunner
OnProcessCompleted

2024-02-07 15:19:21,261 [T19] DEBUG JobRunner
Start timer for checking the job to be completed.

2024-02-07 15:19:21,262 [T13-ScriptEngine] INFO  JobRunner
Start to clean up resources.

2024-02-07 15:19:21,264 [T13-ScriptEngine] DEBUG JobRunner
Remove all libraries

2024-02-07 15:19:21,265 [T13-ScriptEngine] DEBUG NetPlayer
WebPlayer OnDispose

2024-02-07 15:19:21,267 [T13-ScriptEngine] DEBUG WebPlayer
WebPlayer OnDispose : Do Nothing

2024-02-07 15:19:21,267 [T13-ScriptEngine] DEBUG UIAEventHandler
Stop UIA event handler

2024-02-07 15:19:21,275 [T13-ScriptEngine] DEBUG UiaAppHelper
WinHelper DisposeAppList Count: 0

2024-02-07 15:19:21,276 [T13-ScriptEngine] INFO  JobRunner
All Resources Clear

2024-02-07 15:19:21,279 [T13-ScriptEngine] DEBUG JobRunner
OnCompleted

2024-02-07 15:19:21,279 [T13-ScriptEngine] DEBUG JobRunner
SendJobResult: Completed

2024-02-07 15:19:21,279 [T13-ScriptEngine] INFO  JobRequest
##############################################################
### STATE: Completed
##############################################################
{}


2024-02-07 15:19:21,279 [T13-ScriptEngine] INFO  JobRequest
Last job life cycle state: Completed

2024-02-07 15:19:21,279 [T13-ScriptEngine] INFO  JobRequest
Update skipped current step informations.

2024-02-07 15:19:21,292 [T5] DEBUG JobRequest
Callback - State: Completed
{}

2024-02-07 15:19:21,292 [T13-ScriptEngine] INFO  JobRequest
##############################################################
### JOB COMPLETED
##############################################################


2024-02-07 15:19:21,309 [T5] INFO  JobRequest
Callback - EngineClosed

2024-02-07 15:19:21,309 [T5] INFO  JobService
Disconnect agent service

2024-02-07 15:19:21,311 [T5] DEBUG JobRequest
End of Callback Sender

