2024-02-07 15:13:24,834 [T1] INFO  EngineStarter
BOT Engine Start - v3.1.100.11228 at 2024-02-07 오후 3:13:24
EngineID: D_20240207_151324_140
PID : 4420
PPID: 2124
Working Directory: C:\RPA\Brity RPA Designer

2024-02-07 15:13:24,850 [T1] INFO  EngineStarter
System Language: ko-KR
Resolution: 1920 x 1200

2024-02-07 15:13:25,075 [T1] INFO  Config
Initialize Config

2024-02-07 15:13:25,117 [T1] DEBUG Config
Config Loaded

2024-02-07 15:13:25,118 [T1] DEBUG Config
Backup config file.

2024-02-07 15:13:25,128 [T1] INFO  Config
Orchestrator Service => https://bwrpa.samsungsds.com:8777

2024-02-07 15:13:25,132 [T1] INFO  Config
Initialize Resource Config

2024-02-07 15:13:25,160 [T1] DEBUG Config
Refresh Language Information

2024-02-07 15:13:25,239 [T1] INFO  Config
All Config Initialized.

2024-02-07 15:13:25,246 [T1] DEBUG KeyManager
Initialize KeyManager

2024-02-07 15:13:25,248 [T1] DEBUG KeyManager
Load device unique id.

2024-02-07 15:13:25,255 [T1] DEBUG KeyManager
Device ID is initialized.

2024-02-07 15:13:25,341 [T5] DEBUG JobService
Connect to agent service

2024-02-07 15:13:25,369 [T5] DEBUG JobService
JobService URL : net.tcp://127.0.0.1:59001/rpa/agent

2024-02-07 15:13:25,369 [T5] DEBUG JobService
Open connection

2024-02-07 15:13:25,374 [T1] DEBUG ApplicationInitializer
InitMode: Thread

2024-02-07 15:13:25,382 [T5] DEBUG JobService
Register engine to agent

2024-02-07 15:13:25,382 [T1] INFO  LibraryManager
Load Libraries - Started

2024-02-07 15:13:25,394 [T5] DEBUG JobService
Engine is connected to agent service.

2024-02-07 15:13:25,394 [T5] DEBUG JobService
Owner Process PID: 2124

2024-02-07 15:13:25,396 [T1] DEBUG AddInLoader
Load Assembly : IPA.Lib.Chrome

2024-02-07 15:13:25,396 [T5] INFO  JobService
Start monitoring owner process is terminated.

2024-02-07 15:13:25,645 [T1] DEBUG AddInLoader
Load Assembly : IPA.Lib.Desktop

2024-02-07 15:13:25,812 [T1] DEBUG AddInLoader
Load Assembly : IPA.Lib.Excel

2024-02-07 15:13:25,946 [T1] DEBUG AddInLoader
Load Assembly : IPA.Lib.Flow

2024-02-07 15:13:26,052 [T1] DEBUG AddInLoader
Load Assembly : IPA.Lib.IE

2024-02-07 15:13:26,143 [T1] DEBUG AddInLoader
Load Assembly : IPA.Lib.ImageConverter

2024-02-07 15:13:26,198 [T1] DEBUG AddInLoader
Load Assembly : IPA.Lib.ImageRecognition

2024-02-07 15:13:26,369 [T1] DEBUG AddInLoader
Load Assembly : IPA.Lib.MicrosoftOCR

2024-02-07 15:13:26,420 [T1] DEBUG AddInLoader
Load Assembly : IPA.Lib.Net

2024-02-07 15:13:26,505 [T1] DEBUG AddInLoader
Load Assembly : IPA.Lib.Orchestra

2024-02-07 15:13:26,593 [T1] DEBUG AddInLoader
Load Assembly : IPA.Lib.ProcessFlow

2024-02-07 15:13:26,686 [T1] DEBUG AddInLoader
Load Assembly : IPA.Lib.SAP

2024-02-07 15:13:26,767 [T1] DEBUG AddInLoader
Load Assembly : IPA.Lib.Web

2024-02-07 15:13:26,883 [T1] DEBUG AddInLoader
Load Assembly : IPA.Lib.Win

2024-02-07 15:13:27,012 [T1] INFO  ScreenCapture
Default Screen Capture Bounds: 0,0,1920,1200

2024-02-07 15:13:27,053 [T1] DEBUG AddInLoader
Load Assembly : BrityRPA.AddIn.NativeApp

2024-02-07 15:13:27,182 [T1] DEBUG AddInLoader
Load Assembly : BrityWorks.AddIn.Outlook

2024-02-07 15:13:27,246 [T1] DEBUG AddInLoader
Load Assembly : BrityWorks.AddIn.Pdf

2024-02-07 15:13:27,333 [T1] DEBUG LibraryManager
Load Library - Chrome

2024-02-07 15:13:27,349 [T1] DEBUG LibraryManager
Load Library - Desktop

2024-02-07 15:13:27,364 [T1] DEBUG LibraryManager
Load Library - Excel

2024-02-07 15:13:27,380 [T1] DEBUG LibraryManager
Load Library - Flow

2024-02-07 15:13:27,395 [T1] DEBUG LibraryManager
Load Library - IE

2024-02-07 15:13:27,410 [T1] DEBUG LibraryManager
Load Library - ImageConverter

2024-02-07 15:13:27,426 [T1] DEBUG LibraryManager
Load Library - ImageRecognition

2024-02-07 15:13:27,442 [T1] DEBUG LibraryManager
Load Library - MicrosoftOCR

2024-02-07 15:13:27,457 [T1] DEBUG LibraryManager
Load Library - NativeApp

2024-02-07 15:13:27,472 [T1] DEBUG LibraryManager
Load Library - Net

2024-02-07 15:13:27,487 [T1] DEBUG LibraryManager
Load Library - Orchestra

2024-02-07 15:13:27,503 [T1] DEBUG LibraryManager
Load Library - Outlook

2024-02-07 15:13:27,519 [T1] DEBUG LibraryManager
Load Library - Pdf

2024-02-07 15:13:27,534 [T1] DEBUG LibraryManager
Load Library - SAP

2024-02-07 15:13:27,550 [T1] DEBUG LibraryManager
Load Library - Web

2024-02-07 15:13:27,565 [T1] DEBUG LibraryManager
Load Library - Win

2024-02-07 15:13:27,580 [T1] DEBUG LibraryManager
Load Library - WorkFlow

2024-02-07 15:13:27,590 [T1] DEBUG LibraryManager
Load built-in script libraries

2024-02-07 15:13:27,830 [T1] INFO  LibraryManager
Load Libraries - Completed.

2024-02-07 15:13:27,842 [T1] INFO  App
Launch Arguments: Total: 6 |  -eid D_20240207_151324_140 -runtype ProcRunner -ppid 2124

2024-02-07 15:13:27,843 [T1] DEBUG Config
Refresh Language Information

2024-02-07 15:13:27,844 [T1] DEBUG LibraryManager
LibraryManager Initialized.

2024-02-07 15:15:04,407 [T6] INFO  JobService
Start Job: P_P_SHS_계산 (Foreground)
{
  "JobType": 1,
  "State": 0,
  "IsRunning": false,
  "ResultMessage": null,
  "StartTime": "2024-02-07 15:15:04",
  "EndTime": null,
  "JobId": "Designer_20240207_151503_253",
  "UserAuthentication": null,
  "ProcessPath": "C:\\Users\\2class_17\\Documents\\Brity RPA Projects\\P_SHS_계산\\P_P_SHS_계산.proc",
  "ProcessId": "4f70287f-0754-4d69-9c85-264207feafbf",
  "ProcessVer": "",
  "ProcessArgs": null,
  "RequesterType": 3,
  "RequesterId": "designer",
  "RequesterPID": 2124,
  "OptionsJsonString": null,
  "TimeoutSec": 0,
  "EngineID": "D_20240207_151324_140",
  "EnginePID": 0,
  "EngineRecommededVersion": "",
  "JobWorkDir": "C:\\Users\\2class_17\\Documents\\Brity RPA Projects\\P_SHS_계산\\Histories\\20240207_151504_P_P_SHS_계산_Designer_20240207_151503_253",
  "JobLogDir": "C:\\Users\\2class_17\\Documents\\Brity RPA Projects\\P_SHS_계산\\Histories\\20240207_151504_P_P_SHS_계산_Designer_20240207_151503_253\\Log",
  "JobScreenshotDir": "C:\\Users\\2class_17\\Documents\\Brity RPA Projects\\P_SHS_계산\\Histories\\20240207_151504_P_P_SHS_계산_Designer_20240207_151503_253\\Log\\Screenshot"
}

2024-02-07 15:15:04,551 [T10] DEBUG JobService
Waiting library loading...

2024-02-07 15:15:04,554 [T10] DEBUG Config
Reload User Settings

2024-02-07 15:15:04,555 [T10] INFO  Config
UserSettings Reloaded =>
 - LastExecution : z6fdFW7vw+etZgsXumDV6lfHEVT4zPjiXOyBHr7c1Ks= -> lUqouK7fFWBi6yXpWLfrTTReo8GlibS3lNGkQTwW06I=

2024-02-07 15:15:04,555 [T10] INFO  JobService
Config Loading Completed.

2024-02-07 15:15:04,555 [T10] DEBUG JobService
Config Loading Time: 4 ms.

2024-02-07 15:15:04,559 [T10] DEBUG JobService
Check Shared Token

2024-02-07 15:15:04,560 [T10] DEBUG TokenManager
Load connection token

2024-02-07 15:15:04,562 [T10] DEBUG TokenManager
Clear Connection Token - No Shared Token

2024-02-07 15:15:04,599 [T1] DEBUG ServerInformationClient
Request server feature list

2024-02-07 15:15:04,700 [T1] INFO  ServerInformationClient
Server feature update successful

2024-02-07 15:15:04,705 [T1] INFO  ServerInformationClient
It takes 126 milliseconds to try to update the server feature list.

2024-02-07 15:15:04,706 [T1] INFO  Config
Update server features to config.

2024-02-07 15:15:04,737 [T10] INFO  JobService
Shared Token - No Token

2024-02-07 15:15:04,743 [T10] INFO  JobManager
Create JobManager instance for job P_P_SHS_계산(Designer_20240207_151503_253)

2024-02-07 15:15:04,749 [T10] INFO  JobRequest
Job ID : Designer_20240207_151503_253
Project Path  : C:\Users\2class_17\Documents\Brity RPA Projects\P_SHS_계산\P_SHS_계산.proj
Process Name  : P_P_SHS_계산
Engine Mode   : Designer
Requester Type: Designer
Requester PID : 2124

2024-02-07 15:15:04,751 [T7] INFO  JobRequest
Start Callback Sender

2024-02-07 15:15:04,752 [T7] DEBUG JobRequest
Step Callback Interval: 500

2024-02-07 15:15:04,792 [T10] DEBUG ProjectManager
Set Project Information

2024-02-07 15:15:04,816 [T10] INFO  PlayOptionManager
PlayOption
- Step Interval : 1
- Disable DrawBounds : False
- Invoke First : False
- Allow Upload of DumpScreen results : False

2024-02-07 15:15:04,817 [T10] INFO  JobRunner
Initialize Script Engine

2024-02-07 15:15:04,833 [T17-ScriptEngine] INFO  JobRequest
##############################################################
### STATE: Initializing
##############################################################


2024-02-07 15:15:04,854 [T7] DEBUG JobRequest
Callback - State: Initializing


2024-02-07 15:15:05,643 [T17-ScriptEngine] INFO  JobRequest
##############################################################
### STATE: Ready
##############################################################


2024-02-07 15:15:05,651 [T7] DEBUG JobRequest
Callback - State: Ready


2024-02-07 15:15:05,654 [T10] INFO  JobRunnerHook
HotKey Hook Started

2024-02-07 15:15:05,654 [T10] INFO  JobRequest
##############################################################
### STATE: Starting
##############################################################


2024-02-07 15:15:05,656 [T17-ScriptEngine] INFO  JobRunner
RunProcess start

2024-02-07 15:15:05,658 [T17-ScriptEngine] INFO  JobRequest
##############################################################
### STATE: Running
##############################################################


2024-02-07 15:15:05,658 [T17-ScriptEngine] INFO  JobRequest
Last job life cycle state: Running

2024-02-07 15:15:05,667 [T7] DEBUG JobRequest
Callback - State: Starting


2024-02-07 15:15:05,669 [T7] DEBUG JobRequest
Callback - State: Running


2024-02-07 15:15:06,777 [T17-ScriptEngine] DEBUG ScreenCapture
DirectX Screen Capture Initialized.

2024-02-07 15:15:06,862 [T17-ScriptEngine] DEBUG JobRunner
DirectX ScreenCapture Checked.

2024-02-07 15:15:06,894 [T17-ScriptEngine] INFO  JobRequest
##############################################################
### STATE: StartProcess - P_P_SHS_계산
##############################################################
4f70287f-0754-4d69-9c85-264207feafbf
P_P_SHS_계산


2024-02-07 15:15:06,953 [T17-ScriptEngine] INFO  JobRequest
**************************************************************
*** TASK: P_P_SHS_계산
**************************************************************
 - STEP 1: Sc82c0d8488894d11bb7aad5403b62459 (1/27) - (1/27)
 - [1] OpenExcel


2024-02-07 15:15:08,574 [T17-ScriptEngine] INFO  JobRequest
 - STEP 2: S5554bdb0c6764aaf9bbece9f09958894 (2/27) - (2/27)
 - [2] ExecuteScript


2024-02-07 15:15:08,590 [T17-ScriptEngine] INFO  JobRequest
 - STEP 3: S459447ecf9544123a8fdc5f53647d86b (3/27) - (3/27)
 - [3] DoWhile


2024-02-07 15:15:08,606 [T17-ScriptEngine] INFO  JobRequest
 - STEP 4: Sd77338d6192b4fe5a66f939ab396acc6 (4/27) - (4/27)
 - [4] KeyInput


2024-02-07 15:15:08,987 [T17-ScriptEngine] INFO  JobRequest
 - STEP 5: S90a9ad6646234402b52572f94d5a92c4 (5/27) - (5/27)
 - [5] KeyInput


2024-02-07 15:15:09,270 [T17-ScriptEngine] INFO  JobRequest
 - STEP 6: S0daa8208f9ed4e8ba6d909b8d63f634d (6/27) - (6/27)
 - [6] InputBox


2024-02-07 15:15:10,966 [T17-ScriptEngine] INFO  JobRequest
 - STEP 7: S891bbc6155744243ae6235c1e7d01601 (7/27) - (7/27)
 - [7] TextInput


2024-02-07 15:15:11,124 [T12] INFO  UIAEventHandler
Start UIA event handler

2024-02-07 15:15:12,136 [T12] DEBUG UIAEventHandler
UI Structure Changed Count: 0

2024-02-07 15:15:12,136 [T12] INFO  UIAEventHandler
waiting for 961 msec during the screen structure is changing.

2024-02-07 15:15:14,847 [T17-ScriptEngine] INFO  JobRequest
 - STEP 8: S02355f31b6df428fa343a317c24c2b78 (8/27) - (8/27)
 - [8] InputBox


2024-02-07 15:15:16,855 [T17-ScriptEngine] INFO  JobRequest
 - STEP 9: Sfecf63ce0407495ca3ad764f9ff38217 (9/27) - (9/27)
 - [9] TextInput


2024-02-07 15:15:17,015 [T12] DEBUG UIAEventHandler
UI Structure Changed Count: 0

2024-02-07 15:15:17,015 [T12] INFO  UIAEventHandler
waiting for 91 msec during the screen structure is changing.

2024-02-07 15:15:19,762 [T17-ScriptEngine] INFO  JobRequest
 - STEP 10: Se689f2ae0eec46d5b85be610a3583ecf (10/27) - (10/27)
 - [10] KeyInput


2024-02-07 15:15:19,985 [T17-ScriptEngine] INFO  JobRequest
 - STEP 11: S5839480e678f4b3f9215291390848258 (11/27) - (11/27)
 - [11] KeyInput


2024-02-07 15:15:20,255 [T17-ScriptEngine] INFO  JobRequest
 - STEP 12: Sd347ea069c7749f58ffc2ace734147d0 (12/27) - (12/27)
 - [12] KeyInput


2024-02-07 15:15:20,667 [T17-ScriptEngine] INFO  JobRequest
 - STEP 13: Sf4aa5d6d3b954bb4a8ea329dfeffe0ad (13/27) - (13/27)
 - [13] KeyInput


2024-02-07 15:15:21,312 [T17-ScriptEngine] INFO  JobRequest
 - STEP 14: S62aac72cd6534deda3f3827d19058166 (14/27) - (14/27)
 - [14] TextInput


2024-02-07 15:15:22,118 [T12] DEBUG UIAEventHandler
UI Structure Changed Count: 0

2024-02-07 15:15:22,118 [T12] INFO  UIAEventHandler
waiting for 773 msec during the screen structure is changing.

2024-02-07 15:15:23,153 [T12] WARN  WinApi
SetForeground Failed.
 Attach ThreadInput - True
 Foreground Window - HWND: 3344694, Title: PDF 또는 XPS로 게시, PID: 4920, ProcessName: EXCEL
 Target Window - HWND: 12911844, Title: 사출원가 계산1.xlsx - Excel, PID: 4920, ProcessName: EXCEL

2024-02-07 15:15:23,429 [T12] DEBUG UIAEventHandler
UI Structure Changed Count: 0

2024-02-07 15:15:23,429 [T12] INFO  UIAEventHandler
waiting for 108 msec during the screen structure is changing.

2024-02-07 15:15:25,999 [T17-ScriptEngine] INFO  JobRequest
 - STEP 15: Sbefcfcfb9fa643139b1fead668b0ae87 (15/27) - (15/27)
 - [15] KeyInput


2024-02-07 15:15:26,268 [T17-ScriptEngine] INFO  JobRequest
 - STEP 16: Sb959a6d599d74720aa2f733b706d672d (16/27) - (16/27)
 - [16] KeyInput


2024-02-07 15:15:28,018 [T17-ScriptEngine] INFO  JobRequest
 - STEP 17: Sdac99c71d738452ab21b4eadfb3cb173 (17/27) - (17/27)
 - [17] SendMail


2024-02-07 15:15:28,521 [T17-ScriptEngine] INFO  JobRequest
 - STEP 18: Sa4abfe136bfc46ab96df861e4c1d063f (18/27) - (18/27)
 - [18] DeleteFile


2024-02-07 15:15:28,536 [T17-ScriptEngine] INFO  JobRequest
 - STEP 19: S7eaa2a859602424db7b7d89eb9a9e9ff (19/27) - (19/27)
 - [19] CloseBrowser


2024-02-07 15:15:28,584 [T17-ScriptEngine] INFO  JobRequest
 - STEP 20: S798228a3eae2416a8db43e79e4ad670f (20/27) - (20/27)
 - [20] ActivateExcel


2024-02-07 15:15:28,648 [T17-ScriptEngine] INFO  JobRequest
 - STEP 21: S4f8ee7dcd2e8406699158bb340521b69 (21/27) - (21/27)
 - [21] KeyInput


2024-02-07 15:15:29,078 [T17-ScriptEngine] INFO  JobRequest
 - STEP 22: S444468e06d874701a741f21574adb269 (22/27) - (22/27)
 - [22] InputBox


2024-02-07 15:15:33,615 [T17-ScriptEngine] INFO  JobRequest
 - STEP 23: Sd77338d6192b4fe5a66f939ab396acc6 (4/27) - (22/27)
 - [4] KeyInput


2024-02-07 15:15:33,945 [T17-ScriptEngine] INFO  JobRequest
 - STEP 24: S90a9ad6646234402b52572f94d5a92c4 (5/27) - (22/27)
 - [5] KeyInput


2024-02-07 15:15:34,225 [T17-ScriptEngine] INFO  JobRequest
 - STEP 25: S0daa8208f9ed4e8ba6d909b8d63f634d (6/27) - (22/27)
 - [6] InputBox


2024-02-07 15:15:35,573 [T17-ScriptEngine] INFO  JobRequest
 - STEP 26: S891bbc6155744243ae6235c1e7d01601 (7/27) - (22/27)
 - [7] TextInput


2024-02-07 15:15:38,184 [T17-ScriptEngine] INFO  JobRequest
 - STEP 27: S02355f31b6df428fa343a317c24c2b78 (8/27) - (22/27)
 - [8] InputBox


2024-02-07 15:15:43,220 [T17-ScriptEngine] INFO  JobRequest
 - STEP 28: Sfecf63ce0407495ca3ad764f9ff38217 (9/27) - (22/27)
 - [9] TextInput


2024-02-07 15:15:46,017 [T17-ScriptEngine] INFO  JobRequest
 - STEP 29: Se689f2ae0eec46d5b85be610a3583ecf (10/27) - (22/27)
 - [10] KeyInput


2024-02-07 15:15:46,239 [T17-ScriptEngine] INFO  JobRequest
 - STEP 30: S5839480e678f4b3f9215291390848258 (11/27) - (22/27)
 - [11] KeyInput


2024-02-07 15:15:46,506 [T17-ScriptEngine] INFO  JobRequest
 - STEP 31: Sd347ea069c7749f58ffc2ace734147d0 (12/27) - (22/27)
 - [12] KeyInput


2024-02-07 15:15:46,922 [T17-ScriptEngine] INFO  JobRequest
 - STEP 32: Sf4aa5d6d3b954bb4a8ea329dfeffe0ad (13/27) - (22/27)
 - [13] KeyInput


2024-02-07 15:15:47,574 [T17-ScriptEngine] INFO  JobRequest
 - STEP 33: S62aac72cd6534deda3f3827d19058166 (14/27) - (22/27)
 - [14] TextInput


2024-02-07 15:15:48,414 [T10] DEBUG UIAEventHandler
UI Structure Changed Count: 0

2024-02-07 15:15:48,414 [T10] INFO  UIAEventHandler
waiting for 455 msec during the screen structure is changing.

2024-02-07 15:15:49,427 [T10] WARN  WinApi
SetForeground Failed.
 Attach ThreadInput - True
 Foreground Window - HWND: 7407430, Title: PDF 또는 XPS로 게시, PID: 4920, ProcessName: EXCEL
 Target Window - HWND: 12911844, Title: 사출원가 계산1.xlsx - Excel, PID: 4920, ProcessName: EXCEL

2024-02-07 15:15:49,674 [T10] DEBUG UIAEventHandler
UI Structure Changed Count: 0

2024-02-07 15:15:49,674 [T10] INFO  UIAEventHandler
waiting for 81 msec during the screen structure is changing.

2024-02-07 15:15:52,272 [T17-ScriptEngine] INFO  JobRequest
 - STEP 34: Sbefcfcfb9fa643139b1fead668b0ae87 (15/27) - (22/27)
 - [15] KeyInput


2024-02-07 15:15:52,540 [T17-ScriptEngine] INFO  JobRequest
 - STEP 35: Sb959a6d599d74720aa2f733b706d672d (16/27) - (22/27)
 - [16] KeyInput


2024-02-07 15:15:54,292 [T17-ScriptEngine] INFO  JobRequest
 - STEP 36: Sdac99c71d738452ab21b4eadfb3cb173 (17/27) - (22/27)
 - [17] SendMail


2024-02-07 15:15:54,792 [T17-ScriptEngine] INFO  JobRequest
 - STEP 37: Sa4abfe136bfc46ab96df861e4c1d063f (18/27) - (22/27)
 - [18] DeleteFile


2024-02-07 15:15:54,808 [T17-ScriptEngine] INFO  JobRequest
 - STEP 38: S7eaa2a859602424db7b7d89eb9a9e9ff (19/27) - (22/27)
 - [19] CloseBrowser


2024-02-07 15:15:54,840 [T17-ScriptEngine] INFO  JobRequest
 - STEP 39: S798228a3eae2416a8db43e79e4ad670f (20/27) - (22/27)
 - [20] ActivateExcel


2024-02-07 15:15:54,872 [T17-ScriptEngine] INFO  JobRequest
 - STEP 40: S4f8ee7dcd2e8406699158bb340521b69 (21/27) - (22/27)
 - [21] KeyInput


2024-02-07 15:15:55,297 [T17-ScriptEngine] INFO  JobRequest
 - STEP 41: S444468e06d874701a741f21574adb269 (22/27) - (22/27)
 - [22] InputBox


2024-02-07 15:16:04,088 [T17-ScriptEngine] INFO  JobRequest
 - STEP 42: S4f4f9b8e295a4e5ba13810cae21b9aa6 (23/27) - (23/27)
 - [23] End-DoWhile


2024-02-07 15:16:04,105 [T17-ScriptEngine] INFO  JobRequest
 - STEP 43: Sa64401fb6e334efc9530b56751cd09f3 (24/27) - (24/27)
 - [24] IfThen


2024-02-07 15:16:04,119 [T17-ScriptEngine] INFO  JobRequest
 - STEP 44: Sd04e73d5af2b417ba414c64046971c25 (25/27) - (25/27)
 - [25] CloseAll


2024-02-07 15:16:04,135 [T17-ScriptEngine] DEBUG UIAHelper
CloseAll: Microsoft Edge

2024-02-07 15:16:05,164 [T17-ScriptEngine] INFO  JobRequest
 - STEP 45: S8f1ebc32a52a4b5ea55e5e293c8a5b66 (26/27) - (26/27)
 - [26] CloseExcel


2024-02-07 15:16:05,194 [T17-ScriptEngine] DEBUG ExcelBase
DisposeExcel

2024-02-07 15:16:06,461 [T17-ScriptEngine] INFO  JobRequest
 - STEP 46: Sf234694997fd4cc880893a65a9fae6c0 (27/27) - (27/27)
 - [27] End-IfThen


2024-02-07 15:16:06,461 [T17-ScriptEngine] INFO  JobRunner
[PASS] TASK: P_P_SHS_계산

2024-02-07 15:16:06,466 [T17-ScriptEngine] INFO  JobRequest
##############################################################
### STATE: EndProcess - P_P_SHS_계산
##############################################################
4f70287f-0754-4d69-9c85-264207feafbf
P_P_SHS_계산


2024-02-07 15:16:06,480 [T17-ScriptEngine] INFO  JobRunner
RunProcess - Job Result: {}

2024-02-07 15:16:06,480 [T17-ScriptEngine] DEBUG JobManager
Set Result State: Completed

2024-02-07 15:16:06,484 [T17-ScriptEngine] INFO  JobRunner
Make report.

2024-02-07 15:16:06,524 [T17-ScriptEngine] INFO  JobRunner
Start to clean up resources.

2024-02-07 15:16:06,525 [T17-ScriptEngine] DEBUG JobRunner
OnProcessCompleted

2024-02-07 15:16:06,525 [T24] DEBUG JobRunner
Start timer for checking the job to be completed.

2024-02-07 15:16:06,526 [T17-ScriptEngine] INFO  JobRunner
Start to clean up resources.

2024-02-07 15:16:06,528 [T17-ScriptEngine] DEBUG JobRunner
Remove all libraries

2024-02-07 15:16:06,530 [T17-ScriptEngine] DEBUG NetPlayer
WebPlayer OnDispose

2024-02-07 15:16:06,531 [T17-ScriptEngine] DEBUG WebPlayer
WebPlayer OnDispose : Do Nothing

2024-02-07 15:16:06,532 [T17-ScriptEngine] DEBUG UIAEventHandler
Stop UIA event handler

2024-02-07 15:16:06,538 [T17-ScriptEngine] DEBUG UiaAppHelper
WinHelper DisposeAppList Count: 0

2024-02-07 15:16:06,539 [T17-ScriptEngine] INFO  JobRunner
All Resources Clear

2024-02-07 15:16:06,541 [T17-ScriptEngine] DEBUG JobRunner
OnCompleted

2024-02-07 15:16:06,542 [T17-ScriptEngine] DEBUG JobRunner
SendJobResult: Completed

2024-02-07 15:16:06,542 [T17-ScriptEngine] INFO  JobRequest
##############################################################
### STATE: Completed
##############################################################
{}


2024-02-07 15:16:06,542 [T17-ScriptEngine] INFO  JobRequest
Last job life cycle state: Completed

2024-02-07 15:16:06,542 [T17-ScriptEngine] INFO  JobRequest
Update skipped current step informations.

2024-02-07 15:16:06,556 [T7] DEBUG JobRequest
Callback - State: Completed
{}

2024-02-07 15:16:06,560 [T17-ScriptEngine] INFO  JobRequest
##############################################################
### JOB COMPLETED
##############################################################


2024-02-07 15:16:06,572 [T17-ScriptEngine] INFO  JobRunner
RunProcess end

2024-02-07 15:16:06,572 [T1] INFO  JobService
Exit - Shutdown Engine BOT

2024-02-07 15:16:06,573 [T7] INFO  JobRequest
Callback - EngineClosed

2024-02-07 15:16:06,573 [T7] INFO  JobService
Disconnect agent service

2024-02-07 15:16:06,574 [T7] DEBUG JobRequest
End of Callback Sender

